\BOOKMARK [1][-]{section.1}{\376\377\137\025\212\000}{}% 1
\BOOKMARK [1][-]{section.2}{\376\377\164\006\213\272\150\106\147\266}{}% 2
\BOOKMARK [2][-]{subsection.2.1}{\376\377\000P\000l\000a\000n\000c\000k\000\040\150\074\160\271\000\040\000Z\0003\000\040\000N}{section.2}% 3
\BOOKMARK [2][-]{subsection.2.2}{\376\377\217\233\176\323\147\204\116\016\157\024\123\026\146\040\134\004}{section.2}% 4
\BOOKMARK [2][-]{subsection.2.3}{\376\377\171\273\145\143\123\330\122\006\123\237\164\006}{section.2}% 5
\BOOKMARK [2][-]{subsection.2.4}{\376\377\121\267\123\164\137\213\166\204\143\250\133\374}{section.2}% 6
\BOOKMARK [2][-]{subsection.2.5}{\376\377\155\214\163\260\166\204\000\040\000L\000o\000r\000e\000n\000t\000z\000\040\116\015\123\330\140\047}{section.2}% 7
\BOOKMARK [2][-]{subsection.2.6}{\376\377\124\070\137\025\133\120\176\364\145\160\116\016\146\227\200\375\221\317}{section.2}% 8
\BOOKMARK [2][-]{subsection.2.7}{\376\377\116\316\217\233\117\123\171\357\122\060\000\040\000H\000u\000b\000b\000l\000e\000\040\157\024\123\026}{section.2}% 9
\BOOKMARK [2][-]{subsection.2.8}{\376\377\161\265\116\247\165\037\163\207}{section.2}% 10
\BOOKMARK [2][-]{subsection.2.9}{\376\377\121\163\200\124\225\177\136\246\116\016\211\306\165\114\225\356\230\230}{section.2}% 11
\BOOKMARK [2][-]{subsection.2.10}{\376\377\220\000\166\370\136\162\145\366\150\007}{section.2}% 12
\BOOKMARK [2][-]{subsection.2.11}{\376\377\116\316\000\040\000R\000e\000g\000g\000e\000\040\117\134\165\050\221\317\122\060\147\011\145\110\000\040\000E\000i\000n\000s\000t\000e\000i\000n\000\040\145\271\172\013\377\032\125\057\214\141\146\040\134\004}{section.2}% 13
\BOOKMARK [1][-]{section.3}{\376\377\123\357\211\302\155\113\230\204\212\000}{}% 14
\BOOKMARK [1][-]{section.4}{\376\377\134\125\171\072\140\047\125\057\214\141\133\146}{}% 15
\BOOKMARK [1][-]{section.5}{\376\377\134\125\171\072\140\047\145\160\120\074\152\041\142\337}{}% 16
\BOOKMARK [1][-]{section.6}{\376\377\213\250\213\272}{}% 17
\BOOKMARK [2][-]{subsection.6.1}{\376\377\123\302\145\160\133\241\213\241}{section.6}% 18
\BOOKMARK [2][-]{subsection.6.2}{\376\377\123\357\213\301\117\052\140\047}{section.6}% 19
\BOOKMARK [2][-]{subsection.6.3}{\376\377\134\100\226\120\140\047}{section.6}% 20
\BOOKMARK [1][-]{section.7}{\376\377\176\323\213\272}{}% 21
